[2024-05-10 09:00:00] INFO: Server started successfully
[2024-05-10 09:00:03] INFO: Configuration file loaded
[2024-05-10 09:00:06] INFO: Database connection established
[2024-05-10 09:00:09] INFO: Listening on port 8080
[2024-05-10 09:00:12] INFO: User 'admin' logged in
[2024-05-10 09:00:15] WARN: High memory usage detected (75%)
[2024-05-10 09:00:18] INFO: Scheduled backup started
[2024-05-10 09:00:21] INFO: Backup completed successfully
[2024-05-10 09:00:24] ERROR: Failed to connect to external API
[2024-05-10 09:00:27] INFO: Retrying API connection
[2024-05-10 09:00:30] INFO: API connection restored
[2024-05-10 09:00:33] INFO: User 'guest' logged in
[2024-05-10 09:00:36] WARN: Slow response detected on endpoint /login
[2024-05-10 09:00:39] INFO: Cache cleared successfully
[2024-05-10 09:00:42] INFO: Session timeout set to 30 minutes
[2024-05-10 09:00:45] ERROR: NullPointerException in UserService.java line 87
[2024-05-10 09:00:48] INFO: Restarting UserService
[2024-05-10 09:00:51] INFO: UserService restarted successfully
[2024-05-10 09:00:54] INFO: New user registration: 'jdoe'
[2024-05-10 09:00:57] INFO: Email verification sent to 'jdoe@example.com'
[2024-05-10 09:01:00] WARN: Disk space usage at 85%
[2024-05-10 09:01:03] INFO: Cleanup job started
[2024-05-10 09:01:06] INFO: Cleanup job completed
[2024-05-10 09:01:09] INFO: User 'admin' updated system settings
[2024-05-10 09:01:12] ERROR: Timeout while reading data from database
[2024-05-10 09:01:15] INFO: Database reconnection attempt #1
[2024-05-10 09:01:18] INFO: Database connection restored
[2024-05-10 09:01:21] INFO: User 'support' logged in
[2024-05-10 09:01:24] WARN: High CPU usage detected (82%)
[2024-05-10 09:01:27] INFO: Load balancer redistributed traffic
[2024-05-10 09:01:30] INFO: Request processed successfully
[2024-05-10 09:01:33] INFO: User 'guest' logged out
[2024-05-10 09:01:36] INFO: Session cleanup completed
[2024-05-10 09:01:39] ERROR: FileNotFoundException in ConfigLoader.java line 45
[2024-05-10 09:01:42] INFO: Default configuration applied
[2024-05-10 09:01:45] INFO: User 'admin' logged out
[2024-05-10 09:01:48] INFO: Server health check passed
[2024-05-10 09:01:51] WARN: API latency above threshold (1200ms)
[2024-05-10 09:01:54] INFO: API latency normalized
[2024-05-10 09:01:57] INFO: New connection from IP 192.168.1.45
[2024-05-10 09:02:00] INFO: Authentication successful for 'user123'
[2024-05-10 09:02:03] ERROR: Unauthorized access attempt detected
[2024-05-10 09:02:06] INFO: Security alert logged
[2024-05-10 09:02:09] INFO: Firewall rules updated
[2024-05-10 09:02:12] INFO: User 'devops' deployed new build
[2024-05-10 09:02:15] INFO: Build version 1.2.3 deployed successfully
[2024-05-10 09:02:18] WARN: Deprecated API call detected
[2024-05-10 09:02:21] INFO: API migration scheduled
[2024-05-10 09:02:24] INFO: User 'qa' started test suite
[2024-05-10 09:02:27] INFO: Test suite completed with 2 warnings
[2024-05-10 09:02:30] ERROR: Assertion failed in TestCase #45
[2024-05-10 09:02:33] INFO: Test results uploaded
[2024-05-10 09:02:36] INFO: System metrics collected
[2024-05-10 09:02:39] WARN: Memory usage exceeded 90%
[2024-05-10 09:02:42] INFO: Garbage collection triggered
[2024-05-10 09:02:45] INFO: Memory usage normalized
[2024-05-10 09:02:48] INFO: User 'intern' accessed dashboard
[2024-05-10 09:02:51] INFO: Dashboard data refreshed
[2024-05-10 09:02:54] ERROR: Unable to parse JSON response from API
[2024-05-10 09:02:57] INFO: Retrying request to API
[2024-05-10 09:03:00] INFO: API response parsed successfully
[2024-05-10 09:03:03] INFO: User 'manager' exported report
[2024-05-10 09:03:06] INFO: Report saved to /reports/summary.csv
[2024-05-10 09:03:09] WARN: Report generation took longer than expected
[2024-05-10 09:03:12] INFO: Report generation optimized
[2024-05-10 09:03:15] INFO: Scheduled task executed
[2024-05-10 09:03:18] INFO: Task completed successfully
[2024-05-10 09:03:21] ERROR: SMTP server not responding
[2024-05-10 09:03:24] INFO: Email queue paused
[2024-05-10 09:03:27] INFO: Email service restarted
[2024-05-10 09:03:30] INFO: Email queue resumed
[2024-05-10 09:03:33] INFO: User 'support' sent password reset link
[2024-05-10 09:03:36] INFO: Password reset successful for 'user123'
[2024-05-10 09:03:39] WARN: Multiple failed login attempts detected
[2024-05-10 09:03:42] INFO: Account 'guest' temporarily locked
[2024-05-10 09:03:45] INFO: System audit started
[2024-05-10 09:03:48] INFO: Audit completed successfully
[2024-05-10 09:03:51] ERROR: Audit log write failure
[2024-05-10 09:03:54] INFO: Audit log retry succeeded
[2024-05-10 09:03:57] INFO: Server uptime: 3 hours 45 minutes
[2024-05-10 09:04:00] INFO: Health check completed
[2024-05-10 09:04:03] WARN: High network latency detected
[2024-05-10 09:04:06] INFO: Network latency normalized
[2024-05-10 09:04:09] INFO: User 'admin' initiated shutdown
[2024-05-10 09:04:12] INFO: Active sessions terminated
[2024-05-10 09:04:15] INFO: Server shutting down
[2024-05-10 09:04:18] INFO: Shutdown completed successfully